#
# There is insufficient memory for the Java Runtime Environment to continue.
# Native memory allocation (mmap) failed to map 163577856 bytes for committing reserved memory.
# Possible reasons:
#   The system is out of physical RAM or swap space
#   The process is running with CompressedOops enabled, and the Java Heap may be blocking the growth of the native heap
# Possible solutions:
#   Reduce memory load on the system
#   Increase physical memory or swap space
#   Check if swap backing store is full
#   Decrease Java heap size (-Xmx/-Xms)
#   Decrease number of Java threads
#   Decrease Java thread stack sizes (-Xss)
#   Set larger code cache with -XX:ReservedCodeCacheSize=
#   JVM is running with Unscaled Compressed Oops mode in which the Java heap is
#     placed in the first 4GB address space. The Java Heap base address is the
#     maximum limit for the native heap growth. Please use -XX:HeapBaseMinAddress
#     to set the Java Heap base and to place the Java Heap above 4GB virtual address.
# This output file may be truncated or incomplete.
#
#  Out of Memory Error (os_linux.cpp:2749), pid=29718, tid=0x00007fb7db6f6700
#
# JRE version: Java(TM) SE Runtime Environment (8.0_201-b09) (build 1.8.0_201-b09)
# Java VM: Java HotSpot(TM) 64-Bit Server VM (25.201-b09 mixed mode linux-amd64 compressed oops)
# Failed to write core dump. Core dumps have been disabled. To enable core dumping, try "ulimit -c unlimited" before starting Java again
#

---------------  T H R E A D  ---------------

Current thread (0x00007fb800080800):  VMThread [stack: 0x00007fb7db5f7000,0x00007fb7db6f7000] [id=29729]

Stack: [0x00007fb7db5f7000,0x00007fb7db6f7000],  sp=0x00007fb7db6f53c0,  free space=1016k
Native frames: (J=compiled Java code, j=interpreted, Vv=VM code, C=native code)
V  [libjvm.so+0xad3525]  VMError::report_and_die()+0x2e5
V  [libjvm.so+0x4e0457]  report_vm_out_of_memory(char const*, int, unsigned long, VMErrorType, char const*)+0x67
V  [libjvm.so+0x9102f0]  os::pd_commit_memory(char*, unsigned long, unsigned long, bool)+0x100
V  [libjvm.so+0x90791f]  os::commit_memory(char*, unsigned long, unsigned long, bool)+0x1f
V  [libjvm.so+0x98c806]  PSVirtualSpace::expand_by(unsigned long)+0x56
V  [libjvm.so+0x98da98]  PSYoungGen::resize(unsigned long, unsigned long)+0xd8
V  [libjvm.so+0x98a236]  PSScavenge::invoke_no_policy()+0x1376
V  [libjvm.so+0x982c59]  PSParallelCompact::invoke(bool)+0x49
V  [libjvm.so+0x45cb73]  CollectedHeap::collect_as_vm_thread(GCCause::Cause)+0x153
V  [libjvm.so+0xad45b1]  VM_CollectForMetadataAllocation::doit()+0x161
V  [libjvm.so+0xada296]  VM_Operation::evaluate()+0x46
V  [libjvm.so+0xad85cd]  VMThread::evaluate_operation(VM_Operation*) [clone .constprop.44]+0xcd
V  [libjvm.so+0xad8bb3]  VMThread::loop()+0x3a3
V  [libjvm.so+0xad8f88]  VMThread::run()+0x78
V  [libjvm.so+0x90d922]  java_start(Thread*)+0x102

VM_Operation (0x00007fb7da213250): CollectForMetadataAllocation, mode: safepoint, requested by thread 0x00007fb8000c8000


---------------  P R O C E S S  ---------------

Java Threads: ( => current thread )
  0x00007fb79403b800 JavaThread "pool-1-thread-3" [_thread_blocked, id=29762, stack(0x00007fb7d8dbb000,0x00007fb7d8ebc000)]
  0x00007fb794037000 JavaThread "pool-1-thread-2" [_thread_blocked, id=29761, stack(0x00007fb7d8ebc000,0x00007fb7d8fbd000)]
  0x00007fb79401d800 JavaThread "Apex Prelude Service STARTING" [_thread_blocked, id=29759, stack(0x00007fb7d8fbd000,0x00007fb7d90be000)]
  0x00007fb80000a800 JavaThread "DestroyJavaVM" [_thread_blocked, id=29719, stack(0x00007fb806768000,0x00007fb806868000)]
  0x00007fb8004e8800 JavaThread "pool-1-thread-1" [_thread_blocked, id=29758, stack(0x00007fb7d90be000,0x00007fb7d91bf000)]
  0x00007fb8000ca800 JavaThread "Service Thread" daemon [_thread_blocked, id=29743, stack(0x00007fb7da013000,0x00007fb7da114000)]
  0x00007fb8000c8000 JavaThread "C1 CompilerThread3" daemon [_thread_blocked, id=29742, stack(0x00007fb7da115000,0x00007fb7da215000)]
  0x00007fb8000c5800 JavaThread "C2 CompilerThread2" daemon [_thread_blocked, id=29741, stack(0x00007fb7da216000,0x00007fb7da316000)]
  0x00007fb8000c4000 JavaThread "C2 CompilerThread1" daemon [_thread_blocked, id=29740, stack(0x00007fb7da317000,0x00007fb7da417000)]
  0x00007fb8000c1000 JavaThread "C2 CompilerThread0" daemon [_thread_blocked, id=29739, stack(0x00007fb7da418000,0x00007fb7da518000)]
  0x00007fb8000bf800 JavaThread "Signal Dispatcher" daemon [_thread_blocked, id=29738, stack(0x00007fb7da518000,0x00007fb7da619000)]
  0x00007fb80008c800 JavaThread "Finalizer" daemon [_thread_blocked, id=29736, stack(0x00007fb7db3f4000,0x00007fb7db4f5000)]
  0x00007fb80008a000 JavaThread "Reference Handler" daemon [_thread_blocked, id=29735, stack(0x00007fb7db4f5000,0x00007fb7db5f6000)]

Other Threads:
=>0x00007fb800080800 VMThread [stack: 0x00007fb7db5f7000,0x00007fb7db6f7000] [id=29729]
  0x00007fb8000cd800 WatcherThread [stack: 0x00007fb7d9f13000,0x00007fb7da013000] [id=29745]

VM state:at safepoint (normal execution)

VM Mutex/Monitor currently owned by a thread:  ([mutex/lock_event])
[0x00007fb800007af0] Threads_lock - owner thread: 0x00007fb800080800
[0x00007fb800007ff0] Heap_lock - owner thread: 0x00007fb8000c8000
[0x00007fb800008570] MethodData_lock - owner thread: 0x00007fb8000c8000

heap address: 0x0000000087a00000, size: 1926 MB, Compressed Oops mode: 32-bit
Narrow klass base: 0x0000000000000000, Narrow klass shift: 3
Compressed class space size: 1073741824 Address: 0x0000000100000000

Heap:
 PSYoungGen      total 130048K, used 5093K [0x00000000d7e00000, 0x00000000e0200000, 0x0000000100000000)
  eden space 124928K, 0% used [0x00000000d7e00000,0x00000000d7e00000,0x00000000df800000)
  from space 5120K, 99% used [0x00000000df800000,0x00000000dfcf94e0,0x00000000dfd00000)
  to   space 5120K, 0% used [0x00000000dfd00000,0x00000000dfd00000,0x00000000e0200000)
 ParOldGen       total 83456K, used 46496K [0x0000000087a00000, 0x000000008cb80000, 0x00000000d7e00000)
  object space 83456K, 55% used [0x0000000087a00000,0x000000008a768180,0x000000008cb80000)
 Metaspace       used 20601K, capacity 21142K, committed 21248K, reserved 1067008K
  class space    used 2562K, capacity 2762K, committed 2816K, reserved 1048576K

Card table byte_map: [0x00007fb805977000,0x00007fb805d3b000] byte_map_base: 0x00007fb80553a000

Marking Bits: (ParMarkBitMap*) 0x00007fb8079c0d80
 Begin Bits: [0x00007fb7e03d0000, 0x00007fb7e21e8000)
 End Bits:   [0x00007fb7e21e8000, 0x00007fb7e4000000)

Polling page: 0x00007fb807e21000

CodeCache: size=245760Kb used=7439Kb max_used=7439Kb free=238320Kb
 bounds [0x00007fb7f1000000, 0x00007fb7f1750000, 0x00007fb800000000]
 total_blobs=2884 nmethods=2506 adapters=291
 compilation: enabled

Compilation events (10 events):
Event: 17.385 Thread 0x00007fb8000c8000 nmethod 2502 0x00007fb7f17481d0 code [0x00007fb7f1748340, 0x00007fb7f17485e8]
Event: 17.394 Thread 0x00007fb8000c8000 2503       3       org.antlr.runtime.ANTLRStringStream::consume (61 bytes)
Event: 17.394 Thread 0x00007fb8000c8000 nmethod 2503 0x00007fb7f1748710 code [0x00007fb7f1748880, 0x00007fb7f1748a90]
Event: 17.395 Thread 0x00007fb8000c8000 2504       1       org.antlr.runtime.CommonToken::getType (5 bytes)
Event: 17.395 Thread 0x00007fb8000c8000 nmethod 2504 0x00007fb7f1748b90 code [0x00007fb7f1748ce0, 0x00007fb7f1748df0]
Event: 17.395 Thread 0x00007fb8000c8000 2505       1       org.antlr.runtime.CommonToken::getChannel (5 bytes)
Event: 17.395 Thread 0x00007fb8000c8000 nmethod 2505 0x00007fb7f1748e50 code [0x00007fb7f1748fa0, 0x00007fb7f17490b0]
Event: 17.397 Thread 0x00007fb8000c8000 2506       1       org.antlr.runtime.ANTLRStringStream::index (5 bytes)
Event: 17.397 Thread 0x00007fb8000c8000 nmethod 2506 0x00007fb7f1749110 code [0x00007fb7f1749260, 0x00007fb7f1749370]
Event: 17.398 Thread 0x00007fb8000c8000 2507       3       org.antlr.runtime.CommonTokenStream::LT (82 bytes)

GC Heap History (9 events):
Event: 0.287 GC heap before
{Heap before GC invocations=1 (full 0):
 PSYoungGen      total 36352K, used 31232K [0x00000000d7e00000, 0x00000000da680000, 0x0000000100000000)
  eden space 31232K, 100% used [0x00000000d7e00000,0x00000000d9c80000,0x00000000d9c80000)
  from space 5120K, 0% used [0x00000000da180000,0x00000000da180000,0x00000000da680000)
  to   space 5120K, 0% used [0x00000000d9c80000,0x00000000d9c80000,0x00000000da180000)
 ParOldGen       total 83456K, used 0K [0x0000000087a00000, 0x000000008cb80000, 0x00000000d7e00000)
  object space 83456K, 0% used [0x0000000087a00000,0x0000000087a00000,0x000000008cb80000)
 Metaspace       used 2842K, capacity 4480K, committed 4480K, reserved 1056768K
  class space    used 301K, capacity 384K, committed 384K, reserved 1048576K
Event: 0.348 GC heap after
Heap after GC invocations=1 (full 0):
 PSYoungGen      total 36352K, used 5118K [0x00000000d7e00000, 0x00000000dc500000, 0x0000000100000000)
  eden space 31232K, 0% used [0x00000000d7e00000,0x00000000d7e00000,0x00000000d9c80000)
  from space 5120K, 99% used [0x00000000d9c80000,0x00000000da17fba8,0x00000000da180000)
  to   space 5120K, 0% used [0x00000000dc000000,0x00000000dc000000,0x00000000dc500000)
 ParOldGen       total 83456K, used 11631K [0x0000000087a00000, 0x000000008cb80000, 0x00000000d7e00000)
  object space 83456K, 13% used [0x0000000087a00000,0x000000008855bc78,0x000000008cb80000)
 Metaspace       used 2842K, capacity 4480K, committed 4480K, reserved 1056768K
  class space    used 301K, capacity 384K, committed 384K, reserved 1048576K
}
Event: 0.700 GC heap before
{Heap before GC invocations=2 (full 0):
 PSYoungGen      total 36352K, used 35961K [0x00000000d7e00000, 0x00000000dc500000, 0x0000000100000000)
  eden space 31232K, 98% used [0x00000000d7e00000,0x00000000d9c1ea80,0x00000000d9c80000)
  from space 5120K, 99% used [0x00000000d9c80000,0x00000000da17fba8,0x00000000da180000)
  to   space 5120K, 0% used [0x00000000dc000000,0x00000000dc000000,0x00000000dc500000)
 ParOldGen       total 83456K, used 11631K [0x0000000087a00000, 0x000000008cb80000, 0x00000000d7e00000)
  object space 83456K, 13% used [0x0000000087a00000,0x000000008855bc78,0x000000008cb80000)
 Metaspace       used 5242K, capacity 5298K, committed 5504K, reserved 1056768K
  class space    used 576K, capacity 593K, committed 640K, reserved 1048576K
Event: 0.707 GC heap after
Heap after GC invocations=2 (full 0):
 PSYoungGen      total 67584K, used 5118K [0x00000000d7e00000, 0x00000000dc500000, 0x0000000100000000)
  eden space 62464K, 0% used [0x00000000d7e00000,0x00000000d7e00000,0x00000000dbb00000)
  from space 5120K, 99% used [0x00000000dc000000,0x00000000dc4ffab8,0x00000000dc500000)
  to   space 5120K, 0% used [0x00000000dbb00000,0x00000000dbb00000,0x00000000dc000000)
 ParOldGen       total 83456K, used 17058K [0x0000000087a00000, 0x000000008cb80000, 0x00000000d7e00000)
  object space 83456K, 20% used [0x0000000087a00000,0x0000000088aa88e0,0x000000008cb80000)
 Metaspace       used 5242K, capacity 5298K, committed 5504K, reserved 1056768K
  class space    used 576K, capacity 593K, committed 640K, reserved 1048576K
}
Event: 2.316 GC heap before
{Heap before GC invocations=3 (full 0):
 PSYoungGen      total 67584K, used 67582K [0x00000000d7e00000, 0x00000000dc500000, 0x0000000100000000)
  eden space 62464K, 100% used [0x00000000d7e00000,0x00000000dbb00000,0x00000000dbb00000)
  from space 5120K, 99% used [0x00000000dc000000,0x00000000dc4ffab8,0x00000000dc500000)
  to   space 5120K, 0% used [0x00000000dbb00000,0x00000000dbb00000,0x00000000dc000000)
 ParOldGen       total 83456K, used 17058K [0x0000000087a00000, 0x000000008cb80000, 0x00000000d7e00000)
  object space 83456K, 20% used [0x0000000087a00000,0x0000000088aa88e0,0x000000008cb80000)
 Metaspace       used 14797K, capacity 15000K, committed 15104K, reserved 1062912K
  class space    used 1868K, capacity 1966K, committed 2048K, reserved 1048576K
Event: 2.359 GC heap after
Heap after GC invocations=3 (full 0):
 PSYoungGen      total 67584K, used 5103K [0x00000000d7e00000, 0x00000000e0200000, 0x0000000100000000)
  eden space 62464K, 0% used [0x00000000d7e00000,0x00000000d7e00000,0x00000000dbb00000)
  from space 5120K, 99% used [0x00000000dbb00000,0x00000000dbffbeb8,0x00000000dc000000)
  to   space 5120K, 0% used [0x00000000dfd00000,0x00000000dfd00000,0x00000000e0200000)
 ParOldGen       total 83456K, used 28839K [0x0000000087a00000, 0x000000008cb80000, 0x00000000d7e00000)
  object space 83456K, 34% used [0x0000000087a00000,0x0000000089629f60,0x000000008cb80000)
 Metaspace       used 14797K, capacity 15000K, committed 15104K, reserved 1062912K
  class space    used 1868K, capacity 1966K, committed 2048K, reserved 1048576K
}
Event: 4.533 GC heap before
{Heap before GC invocations=4 (full 0):
 PSYoungGen      total 67584K, used 67567K [0x00000000d7e00000, 0x00000000e0200000, 0x0000000100000000)
  eden space 62464K, 100% used [0x00000000d7e00000,0x00000000dbb00000,0x00000000dbb00000)
  from space 5120K, 99% used [0x00000000dbb00000,0x00000000dbffbeb8,0x00000000dc000000)
  to   space 5120K, 0% used [0x00000000dfd00000,0x00000000dfd00000,0x00000000e0200000)
 ParOldGen       total 83456K, used 28839K [0x0000000087a00000, 0x000000008cb80000, 0x00000000d7e00000)
  object space 83456K, 34% used [0x0000000087a00000,0x0000000089629f60,0x000000008cb80000)
 Metaspace       used 19255K, capacity 19790K, committed 19968K, reserved 1067008K
  class space    used 2493K, capacity 2697K, committed 2816K, reserved 1048576K
Event: 4.762 GC heap after
Heap after GC invocations=4 (full 0):
 PSYoungGen      total 130048K, used 5104K [0x00000000d7e00000, 0x00000000e0200000, 0x0000000100000000)
  eden space 124928K, 0% used [0x00000000d7e00000,0x00000000d7e00000,0x00000000df800000)
  from space 5120K, 99% used [0x00000000dfd00000,0x00000000e01fc040,0x00000000e0200000)
  to   space 5120K, 0% used [0x00000000df800000,0x00000000df800000,0x00000000dfd00000)
 ParOldGen       total 83456K, used 42367K [0x0000000087a00000, 0x000000008cb80000, 0x00000000d7e00000)
  object space 83456K, 50% used [0x0000000087a00000,0x000000008a35ff70,0x000000008cb80000)
 Metaspace       used 19255K, capacity 19790K, committed 19968K, reserved 1067008K
  class space    used 2493K, capacity 2697K, committed 2816K, reserved 1048576K
}
Event: 17.398 GC heap before
{Heap before GC invocations=5 (full 0):
 PSYoungGen      total 130048K, used 36349K [0x00000000d7e00000, 0x00000000e0200000, 0x0000000100000000)
  eden space 124928K, 25% used [0x00000000d7e00000,0x00000000d9c833d8,0x00000000df800000)
  from space 5120K, 99% used [0x00000000dfd00000,0x00000000e01fc040,0x00000000e0200000)
  to   space 5120K, 0% used [0x00000000df800000,0x00000000df800000,0x00000000dfd00000)
 ParOldGen       total 83456K, used 42367K [0x0000000087a00000, 0x000000008cb80000, 0x00000000d7e00000)
  object space 83456K, 50% used [0x0000000087a00000,0x000000008a35ff70,0x000000008cb80000)
 Metaspace       used 20601K, capacity 21142K, committed 21248K, reserved 1067008K
  class space    used 2562K, capacity 2762K, committed 2816K, reserved 1048576K

Deoptimization events (10 events):
Event: 3.911 Thread 0x00007fb79401d800 Uncommon trap: reason=unstable_if action=reinterpret pc=0x00007fb7f1594d24 method=org.eclipse.jdt.internal.core.nd.db.ShortString.compareChars(CCZ)I @ 76
Event: 4.178 Thread 0x00007fb79401d800 Uncommon trap: reason=unstable_if action=reinterpret pc=0x00007fb7f133926c method=sun.misc.MetaIndex.mayContain(Ljava/lang/String;)Z @ 38
Event: 4.183 Thread 0x00007fb8004e8800 Uncommon trap: reason=unstable_if action=reinterpret pc=0x00007fb7f15fa2cc method=java.util.regex.Pattern$Slice.match(Ljava/util/regex/Matcher;ILjava/lang/CharSequence;)Z @ 18
Event: 4.185 Thread 0x00007fb79401d800 Uncommon trap: reason=unstable_if action=reinterpret pc=0x00007fb7f14f6600 method=sun.misc.MetaIndex.mayContain(Ljava/lang/String;)Z @ 38
Event: 4.360 Thread 0x00007fb79401d800 Uncommon trap: reason=unstable_if action=reinterpret pc=0x00007fb7f12fa278 method=sun.misc.MetaIndex.mayContain(Ljava/lang/String;)Z @ 38
Event: 4.365 Thread 0x00007fb79401d800 Uncommon trap: reason=unstable_if action=reinterpret pc=0x00007fb7f15285d4 method=java.lang.ClassLoader.compareCerts([Ljava/security/cert/Certificate;[Ljava/security/cert/Certificate;)Z @ 1
Event: 13.956 Thread 0x00007fb8004e8800 Uncommon trap: reason=class_check action=maybe_recompile pc=0x00007fb7f15f8c2c method=java.util.regex.Pattern$CharProperty.match(Ljava/util/regex/Matcher;ILjava/lang/CharSequence;)Z @ 18
Event: 13.972 Thread 0x00007fb8004e8800 Uncommon trap: reason=class_check action=maybe_recompile pc=0x00007fb7f15f8c2c method=java.util.regex.Pattern$CharProperty.match(Ljava/util/regex/Matcher;ILjava/lang/CharSequence;)Z @ 18
Event: 13.972 Thread 0x00007fb8004e8800 Uncommon trap: reason=class_check action=maybe_recompile pc=0x00007fb7f15f8c2c method=java.util.regex.Pattern$CharProperty.match(Ljava/util/regex/Matcher;ILjava/lang/CharSequence;)Z @ 18
Event: 13.972 Thread 0x00007fb8004e8800 Uncommon trap: reason=class_check action=maybe_recompile pc=0x00007fb7f15f8c2c method=java.util.regex.Pattern$CharProperty.match(Ljava/util/regex/Matcher;ILjava/lang/CharSequence;)Z @ 18

Classes redefined (0 events):
No events

Internal exceptions (10 events):
Event: 2.109 Thread 0x00007fb80000a800 Exception <a 'java/lang/NoSuchMethodError': java.lang.Object.lambda$or$2(Ljava/util/function/Predicate;Ljava/lang/Object;)Z> (0x00000000db3f61c0) thrown at [/HUDSON/workspace/8-2-build-linux-amd64/jdk8u201/12317/hotspot/src/share/vm/interpreter/linkResolv
Event: 2.113 Thread 0x00007fb80000a800 Exception <a 'java/lang/NoSuchMethodError': java.lang.Object.lambda$negate$1(Ljava/lang/Object;)Z> (0x00000000db3ff7f0) thrown at [/HUDSON/workspace/8-2-build-linux-amd64/jdk8u201/12317/hotspot/src/share/vm/interpreter/linkResolver.cpp, line 620]
Event: 2.143 Thread 0x00007fb80000a800 Exception <a 'java/lang/NoSuchMethodError': java.lang.Object.lambda$andThen$1(Ljava/util/function/Function;Ljava/lang/Object;)Ljava/lang/Object;> (0x00000000db442f10) thrown at [/HUDSON/workspace/8-2-build-linux-amd64/jdk8u201/12317/hotspot/src/share/vm/i
Event: 2.677 Thread 0x00007fb80000a800 Exception <a 'java/lang/NoSuchMethodError': java.lang.Object.lambda$comparing$77a9974f$1(Ljava/util/function/Function;Ljava/lang/Object;Ljava/lang/Object;)I> (0x00000000da4e0268) thrown at [/HUDSON/workspace/8-2-build-linux-amd64/jdk8u201/12317/hotspot/sr
Event: 2.683 Thread 0x00007fb80000a800 Exception <a 'java/lang/NoSuchMethodError': java.lang.Object.lambda$and$0(Ljava/util/function/Predicate;Ljava/lang/Object;)Z> (0x00000000da51f6c0) thrown at [/HUDSON/workspace/8-2-build-linux-amd64/jdk8u201/12317/hotspot/src/share/vm/interpreter/linkResol
Event: 2.730 Thread 0x00007fb80000a800 Exception <a 'java/lang/NoSuchMethodError': java.lang.Object.lambda$static$0(Lapex/jorje/semantic/ast/context/Emitter;Lapex/jorje/semantic/symbol/member/variable/DynamicFieldInfo;Lapex/jorje/semantic/symbol/member/variable/VariableVisitor$Context;)V> (0x0
Event: 3.166 Thread 0x00007fb8004e8800 Implicit null exception at 0x00007fb7f1194cab to 0x00007fb7f11955a5
Event: 3.588 Thread 0x00007fb79401d800 Exception <a 'java/lang/NoSuchMethodError': org.slf4j.impl.StaticMDCBinder.getSingleton()Lorg/slf4j/impl/StaticMDCBinder;> (0x00000000daf14798) thrown at [/HUDSON/workspace/8-2-build-linux-amd64/jdk8u201/12317/hotspot/src/share/vm/interpreter/linkResolver
Event: 4.338 Thread 0x00007fb8004e8800 Exception <a 'sun/nio/fs/UnixException'> (0x00000000db4dc2f8) thrown at [/HUDSON/workspace/8-2-build-linux-amd64/jdk8u201/12317/hotspot/src/share/vm/prims/jni.cpp, line 709]
Event: 4.365 Thread 0x00007fb79401d800 Implicit null exception at 0x00007fb7f1527dcc to 0x00007fb7f15285c1

Events (10 events):
Event: 17.394 loading class apex/jorje/data/ast/ParameterRefs done
Event: 17.395 Executing VM operation: RevokeBias
Event: 17.395 Executing VM operation: RevokeBias done
Event: 17.395 loading class apex/jorje/data/ast/ParameterRef
Event: 17.395 loading class apex/jorje/data/ast/ParameterRef done
Event: 17.396 loading class apex/jorje/data/ast/ParameterRefs$EmptyModifierParameterRef
Event: 17.396 loading class apex/jorje/data/ast/ParameterRefs$EmptyModifierParameterRef done
Event: 17.397 loading class apex/jorje/data/ast/Stmnt
Event: 17.397 loading class apex/jorje/data/ast/Stmnt done
Event: 17.398 Executing VM operation: CollectForMetadataAllocation


Dynamic libraries:
00400000-00401000 r-xp 00000000 103:02 12461216                          /usr/lib/jvm/java-8-oracle/bin/java
00600000-00601000 r--p 00000000 103:02 12461216                          /usr/lib/jvm/java-8-oracle/bin/java
00601000-00602000 rw-p 00001000 103:02 12461216                          /usr/lib/jvm/java-8-oracle/bin/java
0166d000-0168e000 rw-p 00000000 00:00 0                                  [heap]
87a00000-8cb80000 rw-p 00000000 00:00 0 
8cb80000-d7e00000 ---p 00000000 00:00 0 
d7e00000-e0200000 rw-p 00000000 00:00 0 
e9e00000-100000000 ---p 00000000 00:00 0 
100000000-1002c0000 rw-p 00000000 00:00 0 
1002c0000-140000000 ---p 00000000 00:00 0 
7fb784000000-7fb784021000 rw-p 00000000 00:00 0 
7fb784021000-7fb788000000 ---p 00000000 00:00 0 
7fb78c000000-7fb78c021000 rw-p 00000000 00:00 0 
7fb78c021000-7fb790000000 ---p 00000000 00:00 0 
7fb794000000-7fb7941f1000 rw-p 00000000 00:00 0 
7fb7941f1000-7fb798000000 ---p 00000000 00:00 0 
7fb798000000-7fb7982da000 rw-p 00000000 00:00 0 
7fb7982da000-7fb79c000000 ---p 00000000 00:00 0 
7fb79c000000-7fb79c021000 rw-p 00000000 00:00 0 
7fb79c021000-7fb7a0000000 ---p 00000000 00:00 0 
7fb7a0000000-7fb7a0021000 rw-p 00000000 00:00 0 
7fb7a0021000-7fb7a4000000 ---p 00000000 00:00 0 
7fb7a4000000-7fb7a4502000 rw-p 00000000 00:00 0 
7fb7a4502000-7fb7a8000000 ---p 00000000 00:00 0 
7fb7a8000000-7fb7a8477000 rw-p 00000000 00:00 0 
7fb7a8477000-7fb7ac000000 ---p 00000000 00:00 0 
7fb7ac000000-7fb7ac890000 rw-p 00000000 00:00 0 
7fb7ac890000-7fb7b0000000 ---p 00000000 00:00 0 
7fb7b0000000-7fb7b0478000 rw-p 00000000 00:00 0 
7fb7b0478000-7fb7b4000000 ---p 00000000 00:00 0 
7fb7b4000000-7fb7b4021000 rw-p 00000000 00:00 0 
7fb7b4021000-7fb7b8000000 ---p 00000000 00:00 0 
7fb7b8000000-7fb7b8021000 rw-p 00000000 00:00 0 
7fb7b8021000-7fb7bc000000 ---p 00000000 00:00 0 
7fb7bc000000-7fb7bc2b3000 rw-p 00000000 00:00 0 
7fb7bc2b3000-7fb7c0000000 ---p 00000000 00:00 0 
7fb7c0000000-7fb7c0021000 rw-p 00000000 00:00 0 
7fb7c0021000-7fb7c4000000 ---p 00000000 00:00 0 
7fb7c4000000-7fb7c4021000 rw-p 00000000 00:00 0 
7fb7c4021000-7fb7c8000000 ---p 00000000 00:00 0 
7fb7c8000000-7fb7c8021000 rw-p 00000000 00:00 0 
7fb7c8021000-7fb7cc000000 ---p 00000000 00:00 0 
7fb7cc000000-7fb7cc021000 rw-p 00000000 00:00 0 
7fb7cc021000-7fb7d0000000 ---p 00000000 00:00 0 
7fb7d0fff000-7fb7d4000000 rw-p 00000000 00:00 0 
7fb7d4000000-7fb7d4021000 rw-p 00000000 00:00 0 
7fb7d4021000-7fb7d8000000 ---p 00000000 00:00 0 
7fb7d8bbb000-7fb7d8dbb000 rw-p 00000000 00:00 0 
7fb7d8dbb000-7fb7d8dbe000 ---p 00000000 00:00 0 
7fb7d8dbe000-7fb7d8ebc000 rw-p 00000000 00:00 0 
7fb7d8ebc000-7fb7d8ebf000 ---p 00000000 00:00 0 
7fb7d8ebf000-7fb7d8fbd000 rw-p 00000000 00:00 0 
7fb7d8fbd000-7fb7d8fc0000 ---p 00000000 00:00 0 
7fb7d8fc0000-7fb7d90be000 rw-p 00000000 00:00 0 
7fb7d90be000-7fb7d90c1000 ---p 00000000 00:00 0 
7fb7d90c1000-7fb7d93bf000 rw-p 00000000 00:00 0 
7fb7d93bf000-7fb7d93d0000 r-xp 00000000 103:02 12461495                  /usr/lib/jvm/java-8-oracle/jre/lib/amd64/libnio.so
7fb7d93d0000-7fb7d95cf000 ---p 00011000 103:02 12461495                  /usr/lib/jvm/java-8-oracle/jre/lib/amd64/libnio.so
7fb7d95cf000-7fb7d95d0000 r--p 00010000 103:02 12461495                  /usr/lib/jvm/java-8-oracle/jre/lib/amd64/libnio.so
7fb7d95d0000-7fb7d95d1000 rw-p 00011000 103:02 12461495                  /usr/lib/jvm/java-8-oracle/jre/lib/amd64/libnio.so
7fb7d95d1000-7fb7d97d1000 rw-p 00000000 00:00 0 
7fb7d97d1000-7fb7d99d1000 rw-p 00000000 00:00 0 
7fb7d99d1000-7fb7d9bd1000 rw-p 00000000 00:00 0 
7fb7d9bd1000-7fb7d9be7000 r-xp 00000000 103:02 12461492                  /usr/lib/jvm/java-8-oracle/jre/lib/amd64/libnet.so
7fb7d9be7000-7fb7d9de7000 ---p 00016000 103:02 12461492                  /usr/lib/jvm/java-8-oracle/jre/lib/amd64/libnet.so
7fb7d9de7000-7fb7d9de8000 r--p 00016000 103:02 12461492                  /usr/lib/jvm/java-8-oracle/jre/lib/amd64/libnet.so
7fb7d9de8000-7fb7d9de9000 rw-p 00017000 103:02 12461492                  /usr/lib/jvm/java-8-oracle/jre/lib/amd64/libnet.so
7fb7d9de9000-7fb7d9f12000 r--s 00f98000 103:02 8000827                   /home/adza/.vscode/extensions/salesforce.salesforcedx-vscode-apex-45.3.0/out/apex-jorje-lsp.jar
7fb7d9f12000-7fb7d9f13000 ---p 00000000 00:00 0 
7fb7d9f13000-7fb7da013000 rw-p 00000000 00:00 0 
7fb7da013000-7fb7da016000 ---p 00000000 00:00 0 
7fb7da016000-7fb7da114000 rw-p 00000000 00:00 0 
7fb7da114000-7fb7da115000 ---p 00000000 00:00 0 
7fb7da115000-7fb7da118000 ---p 00000000 00:00 0 
7fb7da118000-7fb7da215000 rw-p 00000000 00:00 0 
7fb7da215000-7fb7da216000 ---p 00000000 00:00 0 
7fb7da216000-7fb7da219000 ---p 00000000 00:00 0 
7fb7da219000-7fb7da316000 rw-p 00000000 00:00 0 
7fb7da316000-7fb7da317000 ---p 00000000 00:00 0 
7fb7da317000-7fb7da31a000 ---p 00000000 00:00 0 
7fb7da31a000-7fb7da417000 rw-p 00000000 00:00 0 
7fb7da417000-7fb7da418000 ---p 00000000 00:00 0 
7fb7da418000-7fb7da41b000 ---p 00000000 00:00 0 
7fb7da41b000-7fb7da518000 rw-p 00000000 00:00 0 
7fb7da518000-7fb7da51b000 ---p 00000000 00:00 0 
7fb7da51b000-7fb7da619000 rw-p 00000000 00:00 0 
7fb7da619000-7fb7db3f4000 r--p 00000000 103:02 12458605                  /usr/lib/locale/locale-archive
7fb7db3f4000-7fb7db3f7000 ---p 00000000 00:00 0 
7fb7db3f7000-7fb7db4f5000 rw-p 00000000 00:00 0 
7fb7db4f5000-7fb7db4f8000 ---p 00000000 00:00 0 
7fb7db4f8000-7fb7db5f6000 rw-p 00000000 00:00 0 
7fb7db5f6000-7fb7db5f7000 ---p 00000000 00:00 0 
7fb7db5f7000-7fb7dc000000 rw-p 00000000 00:00 0 
7fb7dc000000-7fb7dc021000 rw-p 00000000 00:00 0 
7fb7dc021000-7fb7e0000000 ---p 00000000 00:00 0 
7fb7e000e000-7fb7e0018000 r--s 00116000 103:02 12592161                  /usr/lib/jvm/java-8-oracle/jre/lib/ext/localedata.jar
7fb7e0018000-7fb7e4000000 rw-p 00000000 00:00 0 
7fb7e4000000-7fb7e4021000 rw-p 00000000 00:00 0 
7fb7e4021000-7fb7e8000000 ---p 00000000 00:00 0 
7fb7e8000000-7fb7e8021000 rw-p 00000000 00:00 0 
7fb7e8021000-7fb7ec000000 ---p 00000000 00:00 0 
7fb7ec000000-7fb7ec021000 rw-p 00000000 00:00 0 
7fb7ec021000-7fb7f0000000 ---p 00000000 00:00 0 
7fb7f0002000-7fb7f001e000 r--s 00393000 103:02 12592154                  /usr/lib/jvm/java-8-oracle/jre/lib/ext/cldrdata.jar
7fb7f001e000-7fb7f1000000 rw-p 00000000 00:00 0 
7fb7f1000000-7fb7f1750000 rwxp 00000000 00:00 0 
7fb7f1750000-7fb800000000 ---p 00000000 00:00 0 
7fb800000000-7fb8004f2000 rw-p 00000000 00:00 0 
7fb8004f2000-7fb804000000 ---p 00000000 00:00 0 
7fb804007000-7fb804008000 r--s 00010000 103:02 12592158                  /usr/lib/jvm/java-8-oracle/jre/lib/ext/zipfs.jar
7fb804008000-7fb804009000 r--p 00000000 103:02 13507692                  /usr/share/locale-langpack/en_AU/LC_MESSAGES/libc.mo
7fb804009000-7fb80400c000 r--s 0001a000 103:02 12461508                  /usr/lib/jvm/java-8-oracle/jre/lib/jce.jar
7fb80400c000-7fb804010000 r--s 000a1000 103:02 12461436                  /usr/lib/jvm/java-8-oracle/jre/lib/jsse.jar
7fb804010000-7fb804031000 rw-p 00000000 00:00 0 
7fb804031000-7fb80420b000 r--s 03d6f000 103:02 12461431                  /usr/lib/jvm/java-8-oracle/jre/lib/rt.jar
7fb80420b000-7fb804eed000 rw-p 00000000 00:00 0 
7fb804eed000-7fb804eee000 ---p 00000000 00:00 0 
7fb804eee000-7fb804fee000 rw-p 00000000 00:00 0 
7fb804fee000-7fb804fef000 ---p 00000000 00:00 0 
7fb804fef000-7fb8050ef000 rw-p 00000000 00:00 0 
7fb8050ef000-7fb8050f0000 ---p 00000000 00:00 0 
7fb8050f0000-7fb8051f0000 rw-p 00000000 00:00 0 
7fb8051f0000-7fb8051f1000 ---p 00000000 00:00 0 
7fb8051f1000-7fb8052f1000 rw-p 00000000 00:00 0 
7fb8052f1000-7fb8052f2000 ---p 00000000 00:00 0 
7fb8052f2000-7fb8053f2000 rw-p 00000000 00:00 0 
7fb8053f2000-7fb8053f3000 ---p 00000000 00:00 0 
7fb8053f3000-7fb8054f3000 rw-p 00000000 00:00 0 
7fb8054f3000-7fb8054f4000 ---p 00000000 00:00 0 
7fb8054f4000-7fb8055f4000 rw-p 00000000 00:00 0 
7fb8055f4000-7fb8055f5000 ---p 00000000 00:00 0 
7fb8055f5000-7fb80571e000 rw-p 00000000 00:00 0 
7fb80571e000-7fb805977000 ---p 00000000 00:00 0 
7fb805977000-7fb8059a0000 rw-p 00000000 00:00 0 
7fb8059a0000-7fb805bf9000 ---p 00000000 00:00 0 
7fb805bf9000-7fb805c3b000 rw-p 00000000 00:00 0 
7fb805c3b000-7fb805d3a000 ---p 00000000 00:00 0 
7fb805d3a000-7fb805d59000 rw-p 00000000 00:00 0 
7fb805d59000-7fb8060fb000 ---p 00000000 00:00 0 
7fb8060fb000-7fb806116000 r-xp 00000000 103:02 12461488                  /usr/lib/jvm/java-8-oracle/jre/lib/amd64/libzip.so
7fb806116000-7fb806315000 ---p 0001b000 103:02 12461488                  /usr/lib/jvm/java-8-oracle/jre/lib/amd64/libzip.so
7fb806315000-7fb806316000 r--p 0001a000 103:02 12461488                  /usr/lib/jvm/java-8-oracle/jre/lib/amd64/libzip.so
7fb806316000-7fb806317000 rw-p 0001b000 103:02 12461488                  /usr/lib/jvm/java-8-oracle/jre/lib/amd64/libzip.so
7fb806317000-7fb80631f000 rw-s 00000000 103:02 1967481                   /tmp/hsperfdata_adza/29718
7fb80631f000-7fb80634b000 r-xp 00000000 103:02 12461482                  /usr/lib/jvm/java-8-oracle/jre/lib/amd64/libjava.so
7fb80634b000-7fb80654b000 ---p 0002c000 103:02 12461482                  /usr/lib/jvm/java-8-oracle/jre/lib/amd64/libjava.so
7fb80654b000-7fb80654c000 r--p 0002c000 103:02 12461482                  /usr/lib/jvm/java-8-oracle/jre/lib/amd64/libjava.so
7fb80654c000-7fb80654e000 rw-p 0002d000 103:02 12461482                  /usr/lib/jvm/java-8-oracle/jre/lib/amd64/libjava.so
7fb80654e000-7fb80655b000 r-xp 00000000 103:02 12461487                  /usr/lib/jvm/java-8-oracle/jre/lib/amd64/libverify.so
7fb80655b000-7fb80675a000 ---p 0000d000 103:02 12461487                  /usr/lib/jvm/java-8-oracle/jre/lib/amd64/libverify.so
7fb80675a000-7fb80675c000 r--p 0000c000 103:02 12461487                  /usr/lib/jvm/java-8-oracle/jre/lib/amd64/libverify.so
7fb80675c000-7fb80675d000 rw-p 0000e000 103:02 12461487                  /usr/lib/jvm/java-8-oracle/jre/lib/amd64/libverify.so
7fb80675d000-7fb80675f000 r--p 00000000 103:02 6427614                   /lib/x86_64-linux-gnu/librt-2.28.so
7fb80675f000-7fb806763000 r-xp 00002000 103:02 6427614                   /lib/x86_64-linux-gnu/librt-2.28.so
7fb806763000-7fb806765000 r--p 00006000 103:02 6427614                   /lib/x86_64-linux-gnu/librt-2.28.so
7fb806765000-7fb806766000 r--p 00007000 103:02 6427614                   /lib/x86_64-linux-gnu/librt-2.28.so
7fb806766000-7fb806767000 rw-p 00008000 103:02 6427614                   /lib/x86_64-linux-gnu/librt-2.28.so
7fb806767000-7fb806768000 ---p 00000000 00:00 0 
7fb806768000-7fb80676b000 ---p 00000000 00:00 0 
7fb80676b000-7fb806868000 rw-p 00000000 00:00 0 
7fb806868000-7fb806875000 r--p 00000000 103:02 6427537                   /lib/x86_64-linux-gnu/libm-2.28.so
7fb806875000-7fb806920000 r-xp 0000d000 103:02 6427537                   /lib/x86_64-linux-gnu/libm-2.28.so
7fb806920000-7fb8069f3000 r--p 000b8000 103:02 6427537                   /lib/x86_64-linux-gnu/libm-2.28.so
7fb8069f3000-7fb8069f4000 r--p 0018a000 103:02 6427537                   /lib/x86_64-linux-gnu/libm-2.28.so
7fb8069f4000-7fb8069f5000 rw-p 0018b000 103:02 6427537                   /lib/x86_64-linux-gnu/libm-2.28.so
7fb8069f5000-7fb8076dd000 r-xp 00000000 103:02 12592254                  /usr/lib/jvm/java-8-oracle/jre/lib/amd64/server/libjvm.so
7fb8076dd000-7fb8078dc000 ---p 00ce8000 103:02 12592254                  /usr/lib/jvm/java-8-oracle/jre/lib/amd64/server/libjvm.so
7fb8078dc000-7fb807972000 r--p 00ce7000 103:02 12592254                  /usr/lib/jvm/java-8-oracle/jre/lib/amd64/server/libjvm.so
7fb807972000-7fb8079a3000 rw-p 00d7d000 103:02 12592254                  /usr/lib/jvm/java-8-oracle/jre/lib/amd64/server/libjvm.so
7fb8079a3000-7fb8079e0000 rw-p 00000000 00:00 0 
7fb8079e0000-7fb807a02000 r--p 00000000 103:02 6427476                   /lib/x86_64-linux-gnu/libc-2.28.so
7fb807a02000-7fb807b73000 r-xp 00022000 103:02 6427476                   /lib/x86_64-linux-gnu/libc-2.28.so
7fb807b73000-7fb807bbf000 r--p 00193000 103:02 6427476                   /lib/x86_64-linux-gnu/libc-2.28.so
7fb807bbf000-7fb807bc0000 ---p 001df000 103:02 6427476                   /lib/x86_64-linux-gnu/libc-2.28.so
7fb807bc0000-7fb807bc4000 r--p 001df000 103:02 6427476                   /lib/x86_64-linux-gnu/libc-2.28.so
7fb807bc4000-7fb807bc6000 rw-p 001e3000 103:02 6427476                   /lib/x86_64-linux-gnu/libc-2.28.so
7fb807bc6000-7fb807bca000 rw-p 00000000 00:00 0 
7fb807bca000-7fb807bcb000 r--p 00000000 103:02 6427497                   /lib/x86_64-linux-gnu/libdl-2.28.so
7fb807bcb000-7fb807bcd000 r-xp 00001000 103:02 6427497                   /lib/x86_64-linux-gnu/libdl-2.28.so
7fb807bcd000-7fb807bce000 r--p 00003000 103:02 6427497                   /lib/x86_64-linux-gnu/libdl-2.28.so
7fb807bce000-7fb807bcf000 r--p 00003000 103:02 6427497                   /lib/x86_64-linux-gnu/libdl-2.28.so
7fb807bcf000-7fb807bd0000 rw-p 00004000 103:02 6427497                   /lib/x86_64-linux-gnu/libdl-2.28.so
7fb807bd0000-7fb807be7000 r-xp 00000000 103:02 12724587                  /usr/lib/jvm/java-8-oracle/lib/amd64/jli/libjli.so
7fb807be7000-7fb807de6000 ---p 00017000 103:02 12724587                  /usr/lib/jvm/java-8-oracle/lib/amd64/jli/libjli.so
7fb807de6000-7fb807de7000 r--p 00016000 103:02 12724587                  /usr/lib/jvm/java-8-oracle/lib/amd64/jli/libjli.so
7fb807de7000-7fb807de8000 rw-p 00017000 103:02 12724587                  /usr/lib/jvm/java-8-oracle/lib/amd64/jli/libjli.so
7fb807de8000-7fb807dee000 r--p 00000000 103:02 6427606                   /lib/x86_64-linux-gnu/libpthread-2.28.so
7fb807dee000-7fb807dfd000 r-xp 00006000 103:02 6427606                   /lib/x86_64-linux-gnu/libpthread-2.28.so
7fb807dfd000-7fb807e03000 r--p 00015000 103:02 6427606                   /lib/x86_64-linux-gnu/libpthread-2.28.so
7fb807e03000-7fb807e04000 r--p 0001a000 103:02 6427606                   /lib/x86_64-linux-gnu/libpthread-2.28.so
7fb807e04000-7fb807e05000 rw-p 0001b000 103:02 6427606                   /lib/x86_64-linux-gnu/libpthread-2.28.so
7fb807e05000-7fb807e0b000 rw-p 00000000 00:00 0 
7fb807e0b000-7fb807e0e000 r--p 00000000 103:02 6427564                   /lib/x86_64-linux-gnu/libnss_files-2.28.so
7fb807e0e000-7fb807e15000 r-xp 00003000 103:02 6427564                   /lib/x86_64-linux-gnu/libnss_files-2.28.so
7fb807e15000-7fb807e18000 r--p 0000a000 103:02 6427564                   /lib/x86_64-linux-gnu/libnss_files-2.28.so
7fb807e18000-7fb807e19000 r--p 0000c000 103:02 6427564                   /lib/x86_64-linux-gnu/libnss_files-2.28.so
7fb807e19000-7fb807e1a000 rw-p 0000d000 103:02 6427564                   /lib/x86_64-linux-gnu/libnss_files-2.28.so
7fb807e1a000-7fb807e21000 rw-p 00000000 00:00 0 
7fb807e21000-7fb807e22000 ---p 00000000 00:00 0 
7fb807e22000-7fb807e23000 r--p 00000000 103:02 6427450                   /lib/x86_64-linux-gnu/ld-2.28.so
7fb807e23000-7fb807e43000 r-xp 00001000 103:02 6427450                   /lib/x86_64-linux-gnu/ld-2.28.so
7fb807e43000-7fb807e4b000 r--p 00021000 103:02 6427450                   /lib/x86_64-linux-gnu/ld-2.28.so
7fb807e4b000-7fb807e4c000 r--p 00028000 103:02 6427450                   /lib/x86_64-linux-gnu/ld-2.28.so
7fb807e4c000-7fb807e4d000 rw-p 00029000 103:02 6427450                   /lib/x86_64-linux-gnu/ld-2.28.so
7fb807e4d000-7fb807e4e000 rw-p 00000000 00:00 0 
7ffcd3b26000-7ffcd3b47000 rw-p 00000000 00:00 0                          [stack]
7ffcd3b6f000-7ffcd3b72000 r--p 00000000 00:00 0                          [vvar]
7ffcd3b72000-7ffcd3b74000 r-xp 00000000 00:00 0                          [vdso]
ffffffffff600000-ffffffffff601000 r-xp 00000000 00:00 0                  [vsyscall]

VM Arguments:
jvm_args: -Ddebug.internal.errors=true -Ddebug.semantic.errors=false 
java_command: apex.jorje.lsp.ApexLanguageServerLauncher
java_class_path (initial): /home/adza/.vscode/extensions/salesforce.salesforcedx-vscode-apex-45.3.0/out/apex-jorje-lsp.jar
Launcher Type: SUN_STANDARD

Environment Variables:
JAVA_HOME=/usr/lib/jvm/java-8-oracle
PATH=/home/adza/.nvm/versions/node/v10.14.0/bin:/usr/local/sbin:/usr/local/bin:/usr/sbin:/usr/bin:/sbin:/bin:/usr/games:/usr/local/games:/snap/bin:/usr/lib/jvm/java-8-oracle/bin:/usr/lib/jvm/java-8-oracle/db/bin:/usr/lib/jvm/java-8-oracle/jre/bin:/usr/lib/jvm/java-8-oracle/bin:/usr/lib/jvm/java-8-oracle/db/bin:/usr/lib/jvm/java-8-oracle/jre/bin
USERNAME=adza
SHELL=/bin/bash
DISPLAY=:0

Signal Handlers:
SIGSEGV: [libjvm.so+0xad3e60], sa_mask[0]=11111111011111111101111111111110, sa_flags=SA_RESTART|SA_SIGINFO
SIGBUS: [libjvm.so+0xad3e60], sa_mask[0]=11111111011111111101111111111110, sa_flags=SA_RESTART|SA_SIGINFO
SIGFPE: [libjvm.so+0x90b880], sa_mask[0]=11111111011111111101111111111110, sa_flags=SA_RESTART|SA_SIGINFO
SIGPIPE: [libjvm.so+0x90b880], sa_mask[0]=11111111011111111101111111111110, sa_flags=SA_RESTART|SA_SIGINFO
SIGXFSZ: [libjvm.so+0x90b880], sa_mask[0]=11111111011111111101111111111110, sa_flags=SA_RESTART|SA_SIGINFO
SIGILL: [libjvm.so+0x90b880], sa_mask[0]=11111111011111111101111111111110, sa_flags=SA_RESTART|SA_SIGINFO
SIGUSR1: SIG_DFL, sa_mask[0]=00000000000000000000000000000000, sa_flags=none
SIGUSR2: [libjvm.so+0x90b750], sa_mask[0]=00000000000000000000000000000000, sa_flags=SA_RESTART|SA_SIGINFO
SIGHUP: [libjvm.so+0x90bd70], sa_mask[0]=11111111011111111101111111111110, sa_flags=SA_RESTART|SA_SIGINFO
SIGINT: [libjvm.so+0x90bd70], sa_mask[0]=11111111011111111101111111111110, sa_flags=SA_RESTART|SA_SIGINFO
SIGTERM: [libjvm.so+0x90bd70], sa_mask[0]=11111111011111111101111111111110, sa_flags=SA_RESTART|SA_SIGINFO
SIGQUIT: [libjvm.so+0x90bd70], sa_mask[0]=11111111011111111101111111111110, sa_flags=SA_RESTART|SA_SIGINFO


---------------  S Y S T E M  ---------------

OS:DISTRIB_ID=Ubuntu
DISTRIB_RELEASE=18.10
DISTRIB_CODENAME=cosmic
DISTRIB_DESCRIPTION="Ubuntu 18.10"

uname:Linux 4.18.0-15-generic #16-Ubuntu SMP Thu Feb 7 10:56:39 UTC 2019 x86_64
libc:glibc 2.28 NPTL 2.28 
rlimit: STACK 8192k, CORE 0k, NPROC 30464, NOFILE 1048576, AS infinity
load average:6.46 3.00 1.84

/proc/meminfo:
MemTotal:        7887416 kB
MemFree:          106904 kB
MemAvailable:      26152 kB
Buffers:            2384 kB
Cached:           993592 kB
SwapCached:          472 kB
Active:          6370420 kB
Inactive:         963992 kB
Active(anon):    6348220 kB
Inactive(anon):   940512 kB
Active(file):      22200 kB
Inactive(file):    23480 kB
Unevictable:          48 kB
Mlocked:              48 kB
SwapTotal:       2097148 kB
SwapFree:              0 kB
Dirty:                28 kB
Writeback:             0 kB
AnonPages:       6339836 kB
Mapped:           461836 kB
Shmem:            950620 kB
Slab:             243588 kB
SReclaimable:      74560 kB
SUnreclaim:       169028 kB
KernelStack:       20848 kB
PageTables:        66924 kB
NFS_Unstable:          0 kB
Bounce:                0 kB
WritebackTmp:          0 kB
CommitLimit:     6040856 kB
Committed_AS:   18588196 kB
VmallocTotal:   34359738367 kB
VmallocUsed:           0 kB
VmallocChunk:          0 kB
HardwareCorrupted:     0 kB
AnonHugePages:         0 kB
ShmemHugePages:        0 kB
ShmemPmdMapped:        0 kB
CmaTotal:              0 kB
CmaFree:               0 kB
HugePages_Total:       0
HugePages_Free:        0
HugePages_Rsvd:        0
HugePages_Surp:        0
Hugepagesize:       2048 kB
Hugetlb:               0 kB
DirectMap4k:      628752 kB
DirectMap2M:     7481344 kB
DirectMap1G:           0 kB

container (cgroup) information:
container_type: cgroupv1
cpu_cpuset_cpus: 0-7
cpu_memory_nodes: 0
active_processor_count: 8
cpu_quota: -1
cpu_period: 100000
cpu_shares: -1
memory_limit_in_bytes: -1
memory_and_swap_limit_in_bytes: -2
memory_soft_limit_in_bytes: -1
memory_usage_in_bytes: 7608664064
memory_max_usage_in_bytes: 7612518400


CPU:total 8 (initial active 8) (4 cores per cpu, 2 threads per core) family 6 model 142 stepping 10, cmov, cx8, fxsr, mmx, sse, sse2, sse3, ssse3, sse4.1, sse4.2, popcnt, avx, avx2, aes, clmul, erms, 3dnowpref, lzcnt, ht, tsc, tscinvbit, bmi1, bmi2, adx

/proc/cpuinfo:
processor	: 0
vendor_id	: GenuineIntel
cpu family	: 6
model		: 142
model name	: Intel(R) Core(TM) i7-8550U CPU @ 1.80GHz
stepping	: 10
microcode	: 0x96
cpu MHz		: 1799.999
cache size	: 8192 KB
physical id	: 0
siblings	: 8
core id		: 0
cpu cores	: 4
apicid		: 0
initial apicid	: 0
fpu		: yes
fpu_exception	: yes
cpuid level	: 22
wp		: yes
flags		: fpu vme de pse tsc msr pae mce cx8 apic sep mtrr pge mca cmov pat pse36 clflush dts acpi mmx fxsr sse sse2 ss ht tm pbe syscall nx pdpe1gb rdtscp lm constant_tsc art arch_perfmon pebs bts rep_good nopl xtopology nonstop_tsc cpuid aperfmperf tsc_known_freq pni pclmulqdq dtes64 monitor ds_cpl vmx est tm2 ssse3 sdbg fma cx16 xtpr pdcm pcid sse4_1 sse4_2 x2apic movbe popcnt tsc_deadline_timer aes xsave avx f16c rdrand lahf_lm abm 3dnowprefetch cpuid_fault epb invpcid_single pti ssbd ibrs ibpb stibp tpr_shadow vnmi flexpriority ept vpid fsgsbase tsc_adjust bmi1 avx2 smep bmi2 erms invpcid mpx rdseed adx smap clflushopt intel_pt xsaveopt xsavec xgetbv1 xsaves dtherm ida arat pln pts hwp hwp_notify hwp_act_window hwp_epp flush_l1d
bugs		: cpu_meltdown spectre_v1 spectre_v2 spec_store_bypass l1tf
bogomips	: 3984.00
clflush size	: 64
cache_alignment	: 64
address sizes	: 39 bits physical, 48 bits virtual
power management:

processor	: 1
vendor_id	: GenuineIntel
cpu family	: 6
model		: 142
model name	: Intel(R) Core(TM) i7-8550U CPU @ 1.80GHz
stepping	: 10
microcode	: 0x96
cpu MHz		: 1799.999
cache size	: 8192 KB
physical id	: 0
siblings	: 8
core id		: 1
cpu cores	: 4
apicid		: 2
initial apicid	: 2
fpu		: yes
fpu_exception	: yes
cpuid level	: 22
wp		: yes
flags		: fpu vme de pse tsc msr pae mce cx8 apic sep mtrr pge mca cmov pat pse36 clflush dts acpi mmx fxsr sse sse2 ss ht tm pbe syscall nx pdpe1gb rdtscp lm constant_tsc art arch_perfmon pebs bts rep_good nopl xtopology nonstop_tsc cpuid aperfmperf tsc_known_freq pni pclmulqdq dtes64 monitor ds_cpl vmx est tm2 ssse3 sdbg fma cx16 xtpr pdcm pcid sse4_1 sse4_2 x2apic movbe popcnt tsc_deadline_timer aes xsave avx f16c rdrand lahf_lm abm 3dnowprefetch cpuid_fault epb invpcid_single pti ssbd ibrs ibpb stibp tpr_shadow vnmi flexpriority ept vpid fsgsbase tsc_adjust bmi1 avx2 smep bmi2 erms invpcid mpx rdseed adx smap clflushopt intel_pt xsaveopt xsavec xgetbv1 xsaves dtherm ida arat pln pts hwp hwp_notify hwp_act_window hwp_epp flush_l1d
bugs		: cpu_meltdown spectre_v1 spectre_v2 spec_store_bypass l1tf
bogomips	: 3984.00
clflush size	: 64
cache_alignment	: 64
address sizes	: 39 bits physical, 48 bits virtual
power management:

processor	: 2
vendor_id	: GenuineIntel
cpu family	: 6
model		: 142
model name	: Intel(R) Core(TM) i7-8550U CPU @ 1.80GHz
stepping	: 10
microcode	: 0x96
cpu MHz		: 1799.999
cache size	: 8192 KB
physical id	: 0
siblings	: 8
core id		: 2
cpu cores	: 4
apicid		: 4
initial apicid	: 4
fpu		: yes
fpu_exception	: yes
cpuid level	: 22
wp		: yes
flags		: fpu vme de pse tsc msr pae mce cx8 apic sep mtrr pge mca cmov pat pse36 clflush dts acpi mmx fxsr sse sse2 ss ht tm pbe syscall nx pdpe1gb rdtscp lm constant_tsc art arch_perfmon pebs bts rep_good nopl xtopology nonstop_tsc cpuid aperfmperf tsc_known_freq pni pclmulqdq dtes64 monitor ds_cpl vmx est tm2 ssse3 sdbg fma cx16 xtpr pdcm pcid sse4_1 sse4_2 x2apic movbe popcnt tsc_deadline_timer aes xsave avx f16c rdrand lahf_lm abm 3dnowprefetch cpuid_fault epb invpcid_single pti ssbd ibrs ibpb stibp tpr_shadow vnmi flexpriority ept vpid fsgsbase tsc_adjust bmi1 avx2 smep bmi2 erms invpcid mpx rdseed adx smap clflushopt intel_pt xsaveopt xsavec xgetbv1 xsaves dtherm ida arat pln pts hwp hwp_notify hwp_act_window hwp_epp flush_l1d
bugs		: cpu_meltdown spectre_v1 spectre_v2 spec_store_bypass l1tf
bogomips	: 3984.00
clflush size	: 64
cache_alignment	: 64
address sizes	: 39 bits physical, 48 bits virtual
power management:

processor	: 3
vendor_id	: GenuineIntel
cpu family	: 6
model		: 142
model name	: Intel(R) Core(TM) i7-8550U CPU @ 1.80GHz
stepping	: 10
microcode	: 0x96
cpu MHz		: 1800.000
cache size	: 8192 KB
physical id	: 0
siblings	: 8
core id		: 3
cpu cores	: 4
apicid		: 6
initial apicid	: 6
fpu		: yes
fpu_exception	: yes
cpuid level	: 22
wp		: yes
flags		: fpu vme de pse tsc msr pae mce cx8 apic sep mtrr pge mca cmov pat pse36 clflush dts acpi mmx fxsr sse sse2 ss ht tm pbe syscall nx pdpe1gb rdtscp lm constant_tsc art arch_perfmon pebs bts rep_good nopl xtopology nonstop_tsc cpuid aperfmperf tsc_known_freq pni pclmulqdq dtes64 monitor ds_cpl vmx est tm2 ssse3 sdbg fma cx16 xtpr pdcm pcid sse4_1 sse4_2 x2apic movbe popcnt tsc_deadline_timer aes xsave avx f16c rdrand lahf_lm abm 3dnowprefetch cpuid_fault epb invpcid_single pti ssbd ibrs ibpb stibp tpr_shadow vnmi flexpriority ept vpid fsgsbase tsc_adjust bmi1 avx2 smep bmi2 erms invpcid mpx rdseed adx smap clflushopt intel_pt xsaveopt xsavec xgetbv1 xsaves dtherm ida arat pln pts hwp hwp_notify hwp_act_window hwp_epp flush_l1d
bugs		: cpu_meltdown spectre_v1 spectre_v2 spec_store_bypass l1tf
bogomips	: 3984.00
clflush size	: 64
cache_alignment	: 64
address sizes	: 39 bits physical, 48 bits virtual
power management:

processor	: 4
vendor_id	: GenuineIntel
cpu family	: 6
model		: 142
model name	: Intel(R) Core(TM) i7-8550U CPU @ 1.80GHz
stepping	: 10
microcode	: 0x96
cpu MHz		: 1799.998
cache size	: 8192 KB
physical id	: 0
siblings	: 8
core id		: 0
cpu cores	: 4
apicid		: 1
initial apicid	: 1
fpu		: yes
fpu_exception	: yes
cpuid level	: 22
wp		: yes
flags		: fpu vme de pse tsc msr pae mce cx8 apic sep mtrr pge mca cmov pat pse36 clflush dts acpi mmx fxsr sse sse2 ss ht tm pbe syscall nx pdpe1gb rdtscp lm constant_tsc art arch_perfmon pebs bts rep_good nopl xtopology nonstop_tsc cpuid aperfmperf tsc_known_freq pni pclmulqdq dtes64 monitor ds_cpl vmx est tm2 ssse3 sdbg fma cx16 xtpr pdcm pcid sse4_1 sse4_2 x2apic movbe popcnt tsc_deadline_timer aes xsave avx f16c rdrand lahf_lm abm 3dnowprefetch cpuid_fault epb invpcid_single pti ssbd ibrs ibpb stibp tpr_shadow vnmi flexpriority ept vpid fsgsbase tsc_adjust bmi1 avx2 smep bmi2 erms invpcid mpx rdseed adx smap clflushopt intel_pt xsaveopt xsavec xgetbv1 xsaves dtherm ida arat pln pts hwp hwp_notify hwp_act_window hwp_epp flush_l1d
bugs		: cpu_meltdown spectre_v1 spectre_v2 spec_store_bypass l1tf
bogomips	: 3984.00
clflush size	: 64
cache_alignment	: 64
address sizes	: 39 bits physical, 48 bits virtual
power management:

processor	: 5
vendor_id	: GenuineIntel
cpu family	: 6
model		: 142
model name	: Intel(R) Core(TM) i7-8550U CPU @ 1.80GHz
stepping	: 10
microcode	: 0x96
cpu MHz		: 1799.999
cache size	: 8192 KB
physical id	: 0
siblings	: 8
core id		: 1
cpu cores	: 4
apicid		: 3
initial apicid	: 3
fpu		: yes
fpu_exception	: yes
cpuid level	: 22
wp		: yes
flags		: fpu vme de pse tsc msr pae mce cx8 apic sep mtrr pge mca cmov pat pse36 clflush dts acpi mmx fxsr sse sse2 ss ht tm pbe syscall nx pdpe1gb rdtscp lm constant_tsc art arch_perfmon pebs bts rep_good nopl xtopology nonstop_tsc cpuid aperfmperf tsc_known_freq pni pclmulqdq dtes64 monitor ds_cpl vmx est tm2 ssse3 sdbg fma cx16 xtpr pdcm pcid sse4_1 sse4_2 x2apic movbe popcnt tsc_deadline_timer aes xsave avx f16c rdrand lahf_lm abm 3dnowprefetch cpuid_fault epb invpcid_single pti ssbd ibrs ibpb stibp tpr_shadow vnmi flexpriority ept vpid fsgsbase tsc_adjust bmi1 avx2 smep bmi2 erms invpcid mpx rdseed adx smap clflushopt intel_pt xsaveopt xsavec xgetbv1 xsaves dtherm ida arat pln pts hwp hwp_notify hwp_act_window hwp_epp flush_l1d
bugs		: cpu_meltdown spectre_v1 spectre_v2 spec_store_bypass l1tf
bogomips	: 3984.00
clflush size	: 64
cache_alignment	: 64
address sizes	: 39 bits physical, 48 bits virtual
power management:

processor	: 6
vendor_id	: GenuineIntel
cpu family	: 6
model		: 142
model name	: Intel(R) Core(TM) i7-8550U CPU @ 1.80GHz
stepping	: 10
microcode	: 0x96
cpu MHz		: 1799.999
cache size	: 8192 KB
physical id	: 0
siblings	: 8
core id		: 2
cpu cores	: 4
apicid		: 5
initial apicid	: 5
fpu		: yes
fpu_exception	: yes
cpuid level	: 22
wp		: yes
flags		: fpu vme de pse tsc msr pae mce cx8 apic sep mtrr pge mca cmov pat pse36 clflush dts acpi mmx fxsr sse sse2 ss ht tm pbe syscall nx pdpe1gb rdtscp lm constant_tsc art arch_perfmon pebs bts rep_good nopl xtopology nonstop_tsc cpuid aperfmperf tsc_known_freq pni pclmulqdq dtes64 monitor ds_cpl vmx est tm2 ssse3 sdbg fma cx16 xtpr pdcm pcid sse4_1 sse4_2 x2apic movbe popcnt tsc_deadline_timer aes xsave avx f16c rdrand lahf_lm abm 3dnowprefetch cpuid_fault epb invpcid_single pti ssbd ibrs ibpb stibp tpr_shadow vnmi flexpriority ept vpid fsgsbase tsc_adjust bmi1 avx2 smep bmi2 erms invpcid mpx rdseed adx smap clflushopt intel_pt xsaveopt xsavec xgetbv1 xsaves dtherm ida arat pln pts hwp hwp_notify hwp_act_window hwp_epp flush_l1d
bugs		: cpu_meltdown spectre_v1 spectre_v2 spec_store_bypass l1tf
bogomips	: 3984.00
clflush size	: 64
cache_alignment	: 64
address sizes	: 39 bits physical, 48 bits virtual
power management:

processor	: 7
vendor_id	: GenuineIntel
cpu family	: 6
model		: 142
model name	: Intel(R) Core(TM) i7-8550U CPU @ 1.80GHz
stepping	: 10
microcode	: 0x96
cpu MHz		: 1800.000
cache size	: 8192 KB
physical id	: 0
siblings	: 8
core id		: 3
cpu cores	: 4
apicid		: 7
initial apicid	: 7
fpu		: yes
fpu_exception	: yes
cpuid level	: 22
wp		: yes
flags		: fpu vme de pse tsc msr pae mce cx8 apic sep mtrr pge mca cmov pat pse36 clflush dts acpi mmx fxsr sse sse2 ss ht tm pbe syscall nx pdpe1gb rdtscp lm constant_tsc art arch_perfmon pebs bts rep_good nopl xtopology nonstop_tsc cpuid aperfmperf tsc_known_freq pni pclmulqdq dtes64 monitor ds_cpl vmx est tm2 ssse3 sdbg fma cx16 xtpr pdcm pcid sse4_1 sse4_2 x2apic movbe popcnt tsc_deadline_timer aes xsave avx f16c rdrand lahf_lm abm 3dnowprefetch cpuid_fault epb invpcid_single pti ssbd ibrs ibpb stibp tpr_shadow vnmi flexpriority ept vpid fsgsbase tsc_adjust bmi1 avx2 smep bmi2 erms invpcid mpx rdseed adx smap clflushopt intel_pt xsaveopt xsavec xgetbv1 xsaves dtherm ida arat pln pts hwp hwp_notify hwp_act_window hwp_epp flush_l1d
bugs		: cpu_meltdown spectre_v1 spectre_v2 spec_store_bypass l1tf
bogomips	: 3984.00
clflush size	: 64
cache_alignment	: 64
address sizes	: 39 bits physical, 48 bits virtual
power management:



Memory: 4k page, physical 7887416k(106844k free), swap 2097148k(0k free)

vm_info: Java HotSpot(TM) 64-Bit Server VM (25.201-b09) for linux-amd64 JRE (1.8.0_201-b09), built on Dec 15 2018 11:35:59 by "java_re" with gcc 7.3.0

time: Tue Mar  5 12:49:05 2019
timezone: MST
elapsed time: 17 seconds (0d 0h 0m 17s)

